TN:
SF:/Users/Lance/home/repository/emilia/src/css.js
FN:12,badge
FN:15,(anonymous_3)
FN:12,process
FN:22,(anonymous_5)
FN:29,_badge
FN:30,(anonymous_7)
FN:41,_process
FN:42,(anonymous_9)
FN:81,(anonymous_10)
FN:86,decimal
FNF:10
FNH:10
FNDA:2,badge
FNDA:1,(anonymous_3)
FNDA:2,process
FNDA:1,(anonymous_5)
FNDA:1,_badge
FNDA:22,(anonymous_7)
FNDA:1,_process
FNDA:36,(anonymous_9)
FNDA:7,(anonymous_10)
FNDA:28,decimal
DA:1,1
DA:2,1
DA:4,1
DA:5,1
DA:6,1
DA:7,1
DA:14,2
DA:15,2
DA:16,1
DA:17,1
DA:21,2
DA:22,2
DA:23,1
DA:24,1
DA:30,88
DA:31,22
DA:33,22
DA:34,11
DA:35,11
DA:36,11
DA:41,3
DA:42,179
DA:43,36
DA:44,36
DA:45,25
DA:49,11
DA:50,11
DA:52,11
DA:53,2
DA:54,2
DA:57,9
DA:58,2
DA:59,2
DA:60,2
DA:63,7
DA:64,7
DA:65,7
DA:67,7
DA:69,7
DA:73,7
DA:78,7
DA:80,7
DA:81,7
DA:82,7
DA:83,7
DA:87,28
LF:46
LH:46
BRDA:17,1,0,1
BRDA:17,1,1,1
BRDA:31,2,0,22
BRDA:31,2,1,11
BRDA:33,3,0,11
BRDA:33,3,1,11
BRDA:33,4,0,22
BRDA:33,4,1,11
BRDA:33,4,2,11
BRDA:34,5,0,11
BRDA:34,5,1,1
BRDA:35,6,0,11
BRDA:35,6,1,3
BRDA:43,7,0,36
BRDA:43,7,1,25
BRDA:44,8,0,25
BRDA:44,8,1,11
BRDA:44,9,0,36
BRDA:44,9,1,11
BRDA:44,9,2,11
BRDA:52,10,0,2
BRDA:52,10,1,9
BRDA:57,11,0,2
BRDA:57,11,1,7
BRDA:81,12,0,7
BRDA:81,12,1,0
BRDA:87,13,0,28
BRDA:87,13,1,0
BRF:28
BRH:26
end_of_record
TN:
SF:/Users/Lance/home/repository/emilia/src/emilia.js
FN:13,Emilia
FN:52,(anonymous_6)
FN:62,(anonymous_8)
FN:64,(anonymous_9)
FN:66,(anonymous_10)
FN:78,(anonymous_11)
FN:90,(anonymous_13)
FN:115,(anonymous_15)
FN:116,(anonymous_16)
FN:121,(anonymous_18)
FNF:10
FNH:10
FNDA:4,Emilia
FNDA:1,(anonymous_6)
FNDA:1,(anonymous_8)
FNDA:3,(anonymous_9)
FNDA:11,(anonymous_10)
FNDA:10,(anonymous_11)
FNDA:3,(anonymous_13)
FNDA:1,(anonymous_15)
FNDA:3,(anonymous_16)
FNDA:1,(anonymous_18)
DA:1,1
DA:2,1
DA:3,1
DA:5,1
DA:6,1
DA:7,1
DA:8,1
DA:9,1
DA:10,1
DA:13,4
DA:14,4
DA:28,4
DA:29,4
DA:33,8
DA:35,4
DA:36,2
DA:39,2
DA:40,2
DA:41,2
DA:43,2
DA:44,2
DA:46,2
DA:50,4
DA:52,2
DA:53,1
DA:54,1
DA:55,1
DA:60,2
DA:62,2
DA:63,1
DA:64,1
DA:65,3
DA:66,3
DA:67,11
DA:68,11
DA:70,11
DA:71,2
DA:72,2
DA:75,9
DA:77,9
DA:78,10
DA:81,3
DA:86,10
DA:87,2
DA:88,2
DA:90,2
DA:91,3
DA:92,3
DA:93,3
DA:95,3
DA:102,3
DA:103,3
DA:104,0
DA:106,3
DA:107,3
DA:108,3
DA:114,2
DA:115,2
DA:116,3
DA:120,2
DA:121,2
DA:123,2
LF:62
LH:61
BRDA:35,1,0,2
BRDA:35,1,1,2
BRDA:70,2,0,2
BRDA:70,2,1,9
BRDA:77,3,0,9
BRDA:77,3,1,3
BRDA:78,4,0,9
BRDA:78,4,1,8
BRDA:103,5,0,0
BRDA:103,5,1,3
BRDA:103,6,0,3
BRDA:103,6,1,0
BRDA:121,7,0,1
BRDA:121,7,1,1
BRF:14
BRH:12
end_of_record
TN:
SF:/Users/Lance/home/repository/emilia/src/file.js
FN:8,File
FN:27,Style
FN:38,Image
FN:54,Sprite
FN:64,(anonymous_12)
FNF:5
FNH:5
FNDA:12,File
FNDA:1,Style
FNDA:11,Image
FNDA:3,Sprite
FNDA:8,(anonymous_12)
DA:1,1
DA:3,1
DA:4,1
DA:5,1
DA:8,24
DA:9,12
DA:10,12
DA:11,12
DA:12,12
DA:13,12
DA:14,12
DA:15,12
DA:19,1
DA:20,1
DA:21,1
DA:27,3
DA:33,1
DA:38,33
DA:44,11
DA:49,2
DA:54,3
DA:55,3
DA:56,3
DA:57,3
DA:58,3
DA:60,3
DA:61,3
DA:62,3
DA:63,3
DA:64,8
DA:65,3
DA:66,3
DA:67,3
DA:71,3
DA:73,3
DA:74,3
DA:75,3
DA:77,3
DA:81,3
DA:82,3
LF:40
LH:40
BRDA:12,1,0,1
BRDA:12,1,1,11
BRDA:14,2,0,12
BRDA:14,2,1,10
BRDA:19,3,0,1
BRDA:19,3,1,0
BRDA:49,4,0,2
BRDA:49,4,1,0
BRF:8
BRH:6
end_of_record
TN:
SF:/Users/Lance/home/repository/emilia/src/image.js
FN:6,process
FN:17,(anonymous_3)
FN:47,(anonymous_4)
FN:6,encode
FNF:4
FNH:3
FNDA:3,process
FNDA:8,(anonymous_3)
FNDA:8,(anonymous_4)
FNDA:0,encode
DA:1,1
DA:2,1
DA:4,1
DA:13,9
DA:14,6
DA:15,3
DA:17,3
DA:18,8
DA:19,8
DA:20,8
DA:25,8
DA:30,8
DA:33,3
DA:35,3
DA:36,3
DA:38,3
DA:39,3
DA:41,3
DA:42,3
DA:47,3
DA:48,48
DA:50,8
DA:51,8
DA:53,8
DA:59,8
DA:62,3
DA:69,0
LF:27
LH:26
BRF:0
BRH:0
end_of_record
TN:
SF:/Users/Lance/home/repository/emilia/src/io.js
FN:4,read
FN:4,write
FN:4,realpath
FNF:3
FNH:3
FNDA:12,read
FNDA:4,write
FNDA:1,realpath
DA:1,1
DA:2,1
DA:5,12
DA:6,12
DA:7,12
DA:9,2
DA:11,4
DA:12,4
DA:15,1
LF:9
LH:9
BRDA:5,1,0,0
BRDA:5,1,1,12
BRDA:5,2,0,12
BRDA:5,2,1,12
BRDA:7,3,0,11
BRDA:7,3,1,1
BRDA:11,4,0,0
BRDA:11,4,1,4
BRDA:11,5,0,4
BRDA:11,5,1,4
BRF:10
BRH:8
end_of_record
TN:
SF:/Users/Lance/home/repository/emilia/src/lint.js
FN:41,(anonymous_2)
FNF:1
FNH:1
FNDA:27,(anonymous_2)
DA:1,1
DA:3,1
DA:41,4
DA:42,108
DA:43,27
DA:44,27
DA:46,27
DA:47,27
DA:49,27
DA:50,2
DA:52,27
DA:53,4
DA:56,27
LF:13
LH:13
BRDA:46,1,0,27
BRDA:46,1,1,0
BRDA:47,2,0,27
BRDA:47,2,1,27
BRDA:49,3,0,2
BRDA:49,3,1,25
BRDA:50,4,0,2
BRDA:50,4,1,2
BRDA:52,5,0,4
BRDA:52,5,1,23
BRDA:53,6,0,4
BRDA:53,6,1,4
BRF:12
BRH:11
end_of_record
TN:
SF:/Users/Lance/home/repository/emilia/src/store.js
FN:3,Storage
FN:28,create
FN:28,cache
FN:28,fromCache
FNF:4
FNH:4
FNDA:4,Storage
FNDA:4,create
FNDA:3,cache
FNDA:3,fromCache
DA:1,1
DA:3,4
DA:4,4
DA:10,13
DA:11,13
DA:12,13
DA:15,18
DA:18,7
DA:21,0
DA:24,5
DA:30,4
DA:32,3
DA:33,3
DA:36,3
LF:14
LH:13
BRDA:10,1,0,10
BRDA:10,1,1,3
BRDA:10,2,0,13
BRDA:10,2,1,3
BRDA:12,3,0,13
BRDA:12,3,1,13
BRDA:15,4,0,18
BRDA:15,4,1,11
BRDA:15,4,2,11
BRDA:15,4,3,2
BRDA:32,5,0,0
BRDA:32,5,1,3
BRDA:32,6,0,3
BRDA:32,6,1,3
BRDA:36,7,0,3
BRDA:36,7,1,3
BRF:16
BRH:15
end_of_record
TN:
SF:/Users/Lance/home/repository/emilia/src/cmd/help.js
FNF:0
FNH:0
DA:1,0
DA:4,0
DA:27,0
LF:3
LH:0
BRF:0
BRH:0
end_of_record
TN:
SF:/Users/Lance/home/repository/emilia/src/cmd/main.js
FNF:0
FNH:0
DA:1,0
DA:4,0
DA:5,0
DA:7,0
DA:8,0
DA:10,0
DA:13,0
DA:14,0
DA:15,0
DA:19,0
DA:20,0
DA:24,0
DA:25,0
DA:28,0
DA:29,0
DA:32,0
DA:33,0
DA:36,0
DA:37,0
DA:40,0
DA:41,0
DA:44,0
DA:45,0
DA:48,0
DA:49,0
DA:52,0
DA:53,0
DA:57,0
DA:58,0
LF:29
LH:0
BRDA:11,1,0,0
BRDA:11,1,1,0
BRDA:11,1,2,0
BRDA:11,1,3,0
BRDA:11,1,4,0
BRDA:11,1,5,0
BRDA:11,1,6,0
BRDA:11,1,7,0
BRDA:11,1,8,0
BRDA:11,1,9,0
BRDA:11,1,10,0
BRDA:11,1,11,0
BRDA:11,1,12,0
BRDA:14,2,0,0
BRDA:14,2,1,0
BRF:15
BRH:0
end_of_record
TN:
SF:/Users/Lance/home/repository/emilia/src/utils/assert.js
FN:3,typeOf
FN:3,oneOf
FN:3,isNotNull
FNF:3
FNH:3
FNDA:27,typeOf
FNDA:2,oneOf
FNDA:4,isNotNull
DA:1,1
DA:5,27
DA:6,2
DA:7,2
DA:9,25
DA:12,2
DA:13,0
DA:14,0
DA:16,2
DA:19,4
LF:10
LH:8
BRDA:5,1,0,2
BRDA:5,1,1,25
BRDA:12,2,0,0
BRDA:12,2,1,2
BRF:4
BRH:3
end_of_record
TN:
SF:/Users/Lance/home/repository/emilia/src/utils/layout.js
FN:4,sort
FN:6,(anonymous_3)
FN:4,placeItems
FN:11,(anonymous_5)
FN:22,sort
FN:24,(anonymous_7)
FN:22,placeItems
FN:29,(anonymous_9)
FNF:8
FNH:4
FNDA:0,sort
FNDA:0,(anonymous_3)
FNDA:0,placeItems
FNDA:0,(anonymous_5)
FNDA:3,sort
FNDA:8,(anonymous_7)
FNDA:3,placeItems
FNDA:8,(anonymous_9)
DA:1,1
DA:2,1
DA:4,1
DA:6,0
DA:9,0
DA:11,0
DA:12,0
DA:13,0
DA:15,0
DA:18,0
DA:22,1
DA:24,8
DA:27,3
DA:29,3
DA:30,8
DA:31,8
DA:33,8
DA:36,3
DA:40,1
DA:41,1
LF:20
LH:13
BRF:0
BRH:0
end_of_record
TN:
SF:/Users/Lance/home/repository/emilia/src/utils/log.js
FN:6,log
FN:10,(anonymous_3)
FN:14,(anonymous_4)
FN:18,(anonymous_5)
FN:22,(anonymous_6)
FN:26,(anonymous_7)
FN:31,(anonymous_8)
FNF:7
FNH:5
FNDA:0,log
FNDA:8,(anonymous_3)
FNDA:4,(anonymous_4)
FNDA:0,(anonymous_5)
FNDA:4,(anonymous_6)
FNDA:4,(anonymous_7)
FNDA:4,(anonymous_8)
DA:1,1
DA:2,1
DA:4,1
DA:6,1
DA:7,0
DA:10,1
DA:11,8
DA:14,1
DA:15,4
DA:18,1
DA:19,0
DA:22,1
DA:23,4
DA:26,1
DA:27,4
DA:28,4
DA:31,1
DA:32,4
LF:18
LH:16
BRDA:11,1,0,8
BRDA:11,1,1,8
BRDA:11,1,2,8
BRF:3
BRH:3
end_of_record
